Spark Command: /Library/Java/JavaVirtualMachines/jdk1.7.0_65.jdk/Contents/Home/bin/java -cp /Users/zengdan/spark-1.5.1/sbin/../conf/:/Users/zengdan/spark-1.5.1/assembly/target/scala-2.10/spark-assembly-1.5.1-hadoop2.2.0.jar:/Users/zengdan/spark-1.5.1/lib_managed/jars/datanucleus-api-jdo-3.2.6.jar:/Users/zengdan/spark-1.5.1/lib_managed/jars/datanucleus-core-3.2.10.jar:/Users/zengdan/spark-1.5.1/lib_managed/jars/datanucleus-rdbms-3.2.9.jar -Xms1g -Xmx1g -XX:MaxPermSize=256m org.apache.spark.sql.auto.cache.QGMaster --ip localhost --port 7070 --webui-port 8088
========================================
Using Spark's default log4j profile: org/apache/spark/log4j-defaults.properties
15/12/23 17:55:21 INFO QGMaster: Registered signal handlers for [TERM, HUP, INT]
15/12/23 17:55:23 WARN NativeCodeLoader: Unable to load native-hadoop library for your platform... using builtin-java classes where applicable
15/12/23 17:55:24 INFO SecurityManager: Changing view acls to: zengdan
15/12/23 17:55:24 INFO SecurityManager: Changing modify acls to: zengdan
15/12/23 17:55:24 INFO SecurityManager: SecurityManager: authentication disabled; ui acls disabled; users with view permissions: Set(zengdan); users with modify permissions: Set(zengdan)
15/12/23 17:55:25 INFO Slf4jLogger: Slf4jLogger started
15/12/23 17:55:25 INFO Remoting: Starting remoting
15/12/23 17:55:25 INFO Remoting: Remoting started; listening on addresses :[akka.tcp://sqlMaster@localhost:7070]
15/12/23 17:55:25 INFO Utils: Successfully started service 'sqlMaster' on port 7070.
15/12/23 17:55:25 INFO SecurityManager: Changing view acls to: zengdan
15/12/23 17:55:25 INFO SecurityManager: Changing modify acls to: zengdan
15/12/23 17:55:25 INFO SecurityManager: SecurityManager: authentication disabled; ui acls disabled; users with view permissions: Set(zengdan); users with modify permissions: Set(zengdan)
15/12/23 17:55:26 INFO QGMaster: Starting Spark QGmaster at spark://localhost:7070
15/12/23 17:55:26 INFO TachyonBlockManager: Remove global dir of tachyon storage
15/12/23 17:55:26 INFO : Tachyon client (version 0.7.1) is trying to connect with master @ localhost/127.0.0.1:19998
15/12/23 17:55:26 INFO : User registered with the master @ localhost/127.0.0.1:19998; got UserId 161
15/12/23 17:56:25 INFO QGMaster: Successfully connected to akka.tcp://sqlDriver@10.30.1.142:7072
15/12/23 17:56:25 INFO QGMaster: MatchPlan in QGMaster
15/12/23 17:56:34 INFO QGMaster: Update Statistics in QGMaster
15/12/23 17:56:34 INFO QGMaster: MatchPlan in QGMaster
15/12/23 17:56:35 INFO QGMaster: Save Schema in QGMaster
15/12/23 17:56:37 INFO QGMaster: Successfully connected to akka.tcp://sqlWorker@localhost:7073
15/12/23 17:56:37 INFO QGMaster: Got GetBenefit in QGMaster
15/12/23 17:56:38 INFO QGMaster: Update Statistics in QGMaster
15/12/23 17:56:38 INFO : Tachyon client (version 0.7.1) is trying to connect with master @ localhost/127.0.0.1:19998
15/12/23 17:56:38 INFO : User registered with the master @ localhost/127.0.0.1:19998; got UserId 163
15/12/23 17:56:39 INFO QGMaster: MatchPlan in QGMaster
15/12/23 17:56:39 INFO QGMaster: Got schema request in QGMaster
15/12/23 17:56:40 INFO QGMaster: Update Statistics in QGMaster
15/12/23 17:56:40 INFO QGMaster: MatchPlan in QGMaster
15/12/23 17:56:40 INFO QGMaster: Got schema request in QGMaster
15/12/23 17:56:41 INFO QGMaster: Update Statistics in QGMaster
15/12/23 17:56:41 INFO QGMaster: MatchPlan in QGMaster
15/12/23 17:56:43 INFO QGMaster: MatchPlan in QGMaster
15/12/23 17:56:43 ERROR OneForOneStrategy: org.apache.spark.rdd.RDD; local class incompatible: stream classdesc serialVersionUID = -746514914560307577, local class serialVersionUID = -9031364808200538789
java.io.InvalidClassException: org.apache.spark.rdd.RDD; local class incompatible: stream classdesc serialVersionUID = -746514914560307577, local class serialVersionUID = -9031364808200538789
	at java.io.ObjectStreamClass.initNonProxy(ObjectStreamClass.java:617)
	at java.io.ObjectInputStream.readNonProxyDesc(ObjectInputStream.java:1622)
	at java.io.ObjectInputStream.readClassDesc(ObjectInputStream.java:1517)
	at java.io.ObjectInputStream.readNonProxyDesc(ObjectInputStream.java:1622)
	at java.io.ObjectInputStream.readClassDesc(ObjectInputStream.java:1517)
	at java.io.ObjectInputStream.readOrdinaryObject(ObjectInputStream.java:1771)
	at java.io.ObjectInputStream.readObject0(ObjectInputStream.java:1350)
	at java.io.ObjectInputStream.defaultReadFields(ObjectInputStream.java:1990)
	at java.io.ObjectInputStream.readSerialData(ObjectInputStream.java:1915)
	at java.io.ObjectInputStream.readOrdinaryObject(ObjectInputStream.java:1798)
	at java.io.ObjectInputStream.readObject0(ObjectInputStream.java:1350)
	at java.io.ObjectInputStream.defaultReadFields(ObjectInputStream.java:1990)
	at java.io.ObjectInputStream.readSerialData(ObjectInputStream.java:1915)
	at java.io.ObjectInputStream.readOrdinaryObject(ObjectInputStream.java:1798)
	at java.io.ObjectInputStream.readObject0(ObjectInputStream.java:1350)
	at java.io.ObjectInputStream.defaultReadFields(ObjectInputStream.java:1990)
	at java.io.ObjectInputStream.readSerialData(ObjectInputStream.java:1915)
	at java.io.ObjectInputStream.readOrdinaryObject(ObjectInputStream.java:1798)
	at java.io.ObjectInputStream.readObject0(ObjectInputStream.java:1350)
	at java.io.ObjectInputStream.defaultReadFields(ObjectInputStream.java:1990)
	at java.io.ObjectInputStream.readSerialData(ObjectInputStream.java:1915)
	at java.io.ObjectInputStream.readOrdinaryObject(ObjectInputStream.java:1798)
	at java.io.ObjectInputStream.readObject0(ObjectInputStream.java:1350)
	at java.io.ObjectInputStream.defaultReadFields(ObjectInputStream.java:1990)
	at java.io.ObjectInputStream.readSerialData(ObjectInputStream.java:1915)
	at java.io.ObjectInputStream.readOrdinaryObject(ObjectInputStream.java:1798)
	at java.io.ObjectInputStream.readObject0(ObjectInputStream.java:1350)
	at java.io.ObjectInputStream.defaultReadFields(ObjectInputStream.java:1990)
	at java.io.ObjectInputStream.readSerialData(ObjectInputStream.java:1915)
	at java.io.ObjectInputStream.readOrdinaryObject(ObjectInputStream.java:1798)
	at java.io.ObjectInputStream.readObject0(ObjectInputStream.java:1350)
	at java.io.ObjectInputStream.defaultReadFields(ObjectInputStream.java:1990)
	at java.io.ObjectInputStream.readSerialData(ObjectInputStream.java:1915)
	at java.io.ObjectInputStream.readOrdinaryObject(ObjectInputStream.java:1798)
	at java.io.ObjectInputStream.readObject0(ObjectInputStream.java:1350)
	at java.io.ObjectInputStream.defaultReadFields(ObjectInputStream.java:1990)
	at java.io.ObjectInputStream.readSerialData(ObjectInputStream.java:1915)
	at java.io.ObjectInputStream.readOrdinaryObject(ObjectInputStream.java:1798)
	at java.io.ObjectInputStream.readObject0(ObjectInputStream.java:1350)
	at java.io.ObjectInputStream.defaultReadFields(ObjectInputStream.java:1990)
	at java.io.ObjectInputStream.readSerialData(ObjectInputStream.java:1915)
	at java.io.ObjectInputStream.readOrdinaryObject(ObjectInputStream.java:1798)
	at java.io.ObjectInputStream.readObject0(ObjectInputStream.java:1350)
	at java.io.ObjectInputStream.defaultReadFields(ObjectInputStream.java:1990)
	at java.io.ObjectInputStream.readSerialData(ObjectInputStream.java:1915)
	at java.io.ObjectInputStream.readOrdinaryObject(ObjectInputStream.java:1798)
	at java.io.ObjectInputStream.readObject0(ObjectInputStream.java:1350)
	at java.io.ObjectInputStream.readObject(ObjectInputStream.java:370)
	at org.apache.spark.serializer.JavaDeserializationStream.readObject(JavaSerializer.scala:72)
	at org.apache.spark.serializer.JavaSerializerInstance.deserialize(JavaSerializer.scala:98)
	at org.apache.spark.sql.auto.cache.QGMaster$$anonfun$receiveWithLogging$1.applyOrElse(QGMaster.scala:85)
	at scala.runtime.AbstractPartialFunction$mcVL$sp.apply$mcVL$sp(AbstractPartialFunction.scala:33)
	at scala.runtime.AbstractPartialFunction$mcVL$sp.apply(AbstractPartialFunction.scala:33)
	at scala.runtime.AbstractPartialFunction$mcVL$sp.apply(AbstractPartialFunction.scala:25)
	at org.apache.spark.util.ActorLogReceive$$anon$1.apply(ActorLogReceive.scala:59)
	at org.apache.spark.util.ActorLogReceive$$anon$1.apply(ActorLogReceive.scala:42)
	at scala.PartialFunction$class.applyOrElse(PartialFunction.scala:118)
	at org.apache.spark.util.ActorLogReceive$$anon$1.applyOrElse(ActorLogReceive.scala:42)
	at akka.actor.Actor$class.aroundReceive(Actor.scala:467)
	at org.apache.spark.sql.auto.cache.QGMaster.aroundReceive(QGMaster.scala:39)
	at akka.actor.ActorCell.receiveMessage(ActorCell.scala:516)
	at akka.actor.ActorCell.invoke(ActorCell.scala:487)
	at akka.dispatch.Mailbox.processMailbox(Mailbox.scala:238)
	at akka.dispatch.Mailbox.run(Mailbox.scala:220)
	at akka.dispatch.ForkJoinExecutorConfigurator$AkkaForkJoinTask.exec(AbstractDispatcher.scala:397)
	at scala.concurrent.forkjoin.ForkJoinTask.doExec(ForkJoinTask.java:260)
	at scala.concurrent.forkjoin.ForkJoinPool$WorkQueue.runTask(ForkJoinPool.java:1339)
	at scala.concurrent.forkjoin.ForkJoinPool.runWorker(ForkJoinPool.java:1979)
	at scala.concurrent.forkjoin.ForkJoinWorkerThread.run(ForkJoinWorkerThread.java:107)
15/12/23 17:56:43 ERROR QGMaster: QGMaster actor restarted due to exception
java.io.InvalidClassException: org.apache.spark.rdd.RDD; local class incompatible: stream classdesc serialVersionUID = -746514914560307577, local class serialVersionUID = -9031364808200538789
	at java.io.ObjectStreamClass.initNonProxy(ObjectStreamClass.java:617)
	at java.io.ObjectInputStream.readNonProxyDesc(ObjectInputStream.java:1622)
	at java.io.ObjectInputStream.readClassDesc(ObjectInputStream.java:1517)
	at java.io.ObjectInputStream.readNonProxyDesc(ObjectInputStream.java:1622)
	at java.io.ObjectInputStream.readClassDesc(ObjectInputStream.java:1517)
	at java.io.ObjectInputStream.readOrdinaryObject(ObjectInputStream.java:1771)
	at java.io.ObjectInputStream.readObject0(ObjectInputStream.java:1350)
	at java.io.ObjectInputStream.defaultReadFields(ObjectInputStream.java:1990)
	at java.io.ObjectInputStream.readSerialData(ObjectInputStream.java:1915)
	at java.io.ObjectInputStream.readOrdinaryObject(ObjectInputStream.java:1798)
	at java.io.ObjectInputStream.readObject0(ObjectInputStream.java:1350)
	at java.io.ObjectInputStream.defaultReadFields(ObjectInputStream.java:1990)
	at java.io.ObjectInputStream.readSerialData(ObjectInputStream.java:1915)
	at java.io.ObjectInputStream.readOrdinaryObject(ObjectInputStream.java:1798)
	at java.io.ObjectInputStream.readObject0(ObjectInputStream.java:1350)
	at java.io.ObjectInputStream.defaultReadFields(ObjectInputStream.java:1990)
	at java.io.ObjectInputStream.readSerialData(ObjectInputStream.java:1915)
	at java.io.ObjectInputStream.readOrdinaryObject(ObjectInputStream.java:1798)
	at java.io.ObjectInputStream.readObject0(ObjectInputStream.java:1350)
	at java.io.ObjectInputStream.defaultReadFields(ObjectInputStream.java:1990)
	at java.io.ObjectInputStream.readSerialData(ObjectInputStream.java:1915)
	at java.io.ObjectInputStream.readOrdinaryObject(ObjectInputStream.java:1798)
	at java.io.ObjectInputStream.readObject0(ObjectInputStream.java:1350)
	at java.io.ObjectInputStream.defaultReadFields(ObjectInputStream.java:1990)
	at java.io.ObjectInputStream.readSerialData(ObjectInputStream.java:1915)
	at java.io.ObjectInputStream.readOrdinaryObject(ObjectInputStream.java:1798)
	at java.io.ObjectInputStream.readObject0(ObjectInputStream.java:1350)
	at java.io.ObjectInputStream.defaultReadFields(ObjectInputStream.java:1990)
	at java.io.ObjectInputStream.readSerialData(ObjectInputStream.java:1915)
	at java.io.ObjectInputStream.readOrdinaryObject(ObjectInputStream.java:1798)
	at java.io.ObjectInputStream.readObject0(ObjectInputStream.java:1350)
	at java.io.ObjectInputStream.defaultReadFields(ObjectInputStream.java:1990)
	at java.io.ObjectInputStream.readSerialData(ObjectInputStream.java:1915)
	at java.io.ObjectInputStream.readOrdinaryObject(ObjectInputStream.java:1798)
	at java.io.ObjectInputStream.readObject0(ObjectInputStream.java:1350)
	at java.io.ObjectInputStream.defaultReadFields(ObjectInputStream.java:1990)
	at java.io.ObjectInputStream.readSerialData(ObjectInputStream.java:1915)
	at java.io.ObjectInputStream.readOrdinaryObject(ObjectInputStream.java:1798)
	at java.io.ObjectInputStream.readObject0(ObjectInputStream.java:1350)
	at java.io.ObjectInputStream.defaultReadFields(ObjectInputStream.java:1990)
	at java.io.ObjectInputStream.readSerialData(ObjectInputStream.java:1915)
	at java.io.ObjectInputStream.readOrdinaryObject(ObjectInputStream.java:1798)
	at java.io.ObjectInputStream.readObject0(ObjectInputStream.java:1350)
	at java.io.ObjectInputStream.defaultReadFields(ObjectInputStream.java:1990)
	at java.io.ObjectInputStream.readSerialData(ObjectInputStream.java:1915)
	at java.io.ObjectInputStream.readOrdinaryObject(ObjectInputStream.java:1798)
	at java.io.ObjectInputStream.readObject0(ObjectInputStream.java:1350)
	at java.io.ObjectInputStream.readObject(ObjectInputStream.java:370)
	at org.apache.spark.serializer.JavaDeserializationStream.readObject(JavaSerializer.scala:72)
	at org.apache.spark.serializer.JavaSerializerInstance.deserialize(JavaSerializer.scala:98)
	at org.apache.spark.sql.auto.cache.QGMaster$$anonfun$receiveWithLogging$1.applyOrElse(QGMaster.scala:85)
	at scala.runtime.AbstractPartialFunction$mcVL$sp.apply$mcVL$sp(AbstractPartialFunction.scala:33)
	at scala.runtime.AbstractPartialFunction$mcVL$sp.apply(AbstractPartialFunction.scala:33)
	at scala.runtime.AbstractPartialFunction$mcVL$sp.apply(AbstractPartialFunction.scala:25)
	at org.apache.spark.util.ActorLogReceive$$anon$1.apply(ActorLogReceive.scala:59)
	at org.apache.spark.util.ActorLogReceive$$anon$1.apply(ActorLogReceive.scala:42)
	at scala.PartialFunction$class.applyOrElse(PartialFunction.scala:118)
	at org.apache.spark.util.ActorLogReceive$$anon$1.applyOrElse(ActorLogReceive.scala:42)
	at akka.actor.Actor$class.aroundReceive(Actor.scala:467)
	at org.apache.spark.sql.auto.cache.QGMaster.aroundReceive(QGMaster.scala:39)
	at akka.actor.ActorCell.receiveMessage(ActorCell.scala:516)
	at akka.actor.ActorCell.invoke(ActorCell.scala:487)
	at akka.dispatch.Mailbox.processMailbox(Mailbox.scala:238)
	at akka.dispatch.Mailbox.run(Mailbox.scala:220)
	at akka.dispatch.ForkJoinExecutorConfigurator$AkkaForkJoinTask.exec(AbstractDispatcher.scala:397)
	at scala.concurrent.forkjoin.ForkJoinTask.doExec(ForkJoinTask.java:260)
	at scala.concurrent.forkjoin.ForkJoinPool$WorkQueue.runTask(ForkJoinPool.java:1339)
	at scala.concurrent.forkjoin.ForkJoinPool.runWorker(ForkJoinPool.java:1979)
	at scala.concurrent.forkjoin.ForkJoinWorkerThread.run(ForkJoinWorkerThread.java:107)
15/12/23 17:56:43 INFO SecurityManager: Changing view acls to: zengdan
15/12/23 17:56:43 INFO SecurityManager: Changing modify acls to: zengdan
15/12/23 17:56:43 INFO SecurityManager: SecurityManager: authentication disabled; ui acls disabled; users with view permissions: Set(zengdan); users with modify permissions: Set(zengdan)
15/12/23 17:56:43 INFO QGMaster: Starting Spark QGmaster at spark://localhost:7070
15/12/23 17:56:43 INFO TachyonBlockManager: Remove global dir of tachyon storage
15/12/23 17:56:43 INFO : Tachyon client (version 0.7.1) is trying to connect with master @ localhost/127.0.0.1:19998
15/12/23 17:56:43 INFO : User registered with the master @ localhost/127.0.0.1:19998; got UserId 164
15/12/23 17:57:46 INFO QGMaster: MatchPlan in QGMaster
15/12/23 17:57:46 ERROR QGMaster: QGMaster actor restarted due to exception
java.io.InvalidClassException: org.apache.spark.rdd.RDD; local class incompatible: stream classdesc serialVersionUID = -746514914560307577, local class serialVersionUID = -9031364808200538789
	at java.io.ObjectStreamClass.initNonProxy(ObjectStreamClass.java:617)
	at java.io.ObjectInputStream.readNonProxyDesc(ObjectInputStream.java:1622)
	at java.io.ObjectInputStream.readClassDesc(ObjectInputStream.java:1517)
	at java.io.ObjectInputStream.readNonProxyDesc(ObjectInputStream.java:1622)
	at java.io.ObjectInputStream.readClassDesc(ObjectInputStream.java:1517)
	at java.io.ObjectInputStream.readOrdinaryObject(ObjectInputStream.java:1771)
	at java.io.ObjectInputStream.readObject0(ObjectInputStream.java:1350)
	at java.io.ObjectInputStream.defaultReadFields(ObjectInputStream.java:1990)
	at java.io.ObjectInputStream.readSerialData(ObjectInputStream.java:1915)
	at java.io.ObjectInputStream.readOrdinaryObject(ObjectInputStream.java:1798)
	at java.io.ObjectInputStream.readObject0(ObjectInputStream.java:1350)
	at java.io.ObjectInputStream.defaultReadFields(ObjectInputStream.java:1990)
	at java.io.ObjectInputStream.readSerialData(ObjectInputStream.java:1915)
	at java.io.ObjectInputStream.readOrdinaryObject(ObjectInputStream.java:1798)
	at java.io.ObjectInputStream.readObject0(ObjectInputStream.java:1350)
	at java.io.ObjectInputStream.defaultReadFields(ObjectInputStream.java:1990)
	at java.io.ObjectInputStream.readSerialData(ObjectInputStream.java:1915)
	at java.io.ObjectInputStream.readOrdinaryObject(ObjectInputStream.java:1798)
	at java.io.ObjectInputStream.readObject0(ObjectInputStream.java:1350)
	at java.io.ObjectInputStream.defaultReadFields(ObjectInputStream.java:1990)
	at java.io.ObjectInputStream.readSerialData(ObjectInputStream.java:1915)
	at java.io.ObjectInputStream.readOrdinaryObject(ObjectInputStream.java:1798)
	at java.io.ObjectInputStream.readObject0(ObjectInputStream.java:1350)
	at java.io.ObjectInputStream.defaultReadFields(ObjectInputStream.java:1990)
	at java.io.ObjectInputStream.readSerialData(ObjectInputStream.java:1915)
	at java.io.ObjectInputStream.readOrdinaryObject(ObjectInputStream.java:1798)
	at java.io.ObjectInputStream.readObject0(ObjectInputStream.java:1350)
	at java.io.ObjectInputStream.defaultReadFields(ObjectInputStream.java:1990)
	at java.io.ObjectInputStream.readSerialData(ObjectInputStream.java:1915)
	at java.io.ObjectInputStream.readOrdinaryObject(ObjectInputStream.java:1798)
	at java.io.ObjectInputStream.readObject0(ObjectInputStream.java:1350)
	at java.io.ObjectInputStream.defaultReadFields(ObjectInputStream.java:1990)
	at java.io.ObjectInputStream.readSerialData(ObjectInputStream.java:1915)
	at java.io.ObjectInputStream.readOrdinaryObject(ObjectInputStream.java:1798)
	at java.io.ObjectInputStream.readObject0(ObjectInputStream.java:1350)
	at java.io.ObjectInputStream.defaultReadFields(ObjectInputStream.java:1990)
	at java.io.ObjectInputStream.readSerialData(ObjectInputStream.java:1915)
	at java.io.ObjectInputStream.readOrdinaryObject(ObjectInputStream.java:1798)
	at java.io.ObjectInputStream.readObject0(ObjectInputStream.java:1350)
	at java.io.ObjectInputStream.defaultReadFields(ObjectInputStream.java:1990)
	at java.io.ObjectInputStream.readSerialData(ObjectInputStream.java:1915)
	at java.io.ObjectInputStream.readOrdinaryObject(ObjectInputStream.java:1798)
	at java.io.ObjectInputStream.readObject0(ObjectInputStream.java:1350)
	at java.io.ObjectInputStream.defaultReadFields(ObjectInputStream.java:1990)
	at java.io.ObjectInputStream.readSerialData(ObjectInputStream.java:1915)
	at java.io.ObjectInputStream.readOrdinaryObject(ObjectInputStream.java:1798)
	at java.io.ObjectInputStream.readObject0(ObjectInputStream.java:1350)
	at java.io.ObjectInputStream.readObject(ObjectInputStream.java:370)
	at org.apache.spark.serializer.JavaDeserializationStream.readObject(JavaSerializer.scala:72)
	at org.apache.spark.serializer.JavaSerializerInstance.deserialize(JavaSerializer.scala:98)
	at org.apache.spark.sql.auto.cache.QGMaster$$anonfun$receiveWithLogging$1.applyOrElse(QGMaster.scala:85)
	at scala.runtime.AbstractPartialFunction$mcVL$sp.apply$mcVL$sp(AbstractPartialFunction.scala:33)
	at scala.runtime.AbstractPartialFunction$mcVL$sp.apply(AbstractPartialFunction.scala:33)
	at scala.runtime.AbstractPartialFunction$mcVL$sp.apply(AbstractPartialFunction.scala:25)
	at org.apache.spark.util.ActorLogReceive$$anon$1.apply(ActorLogReceive.scala:59)
	at org.apache.spark.util.ActorLogReceive$$anon$1.apply(ActorLogReceive.scala:42)
	at scala.PartialFunction$class.applyOrElse(PartialFunction.scala:118)
	at org.apache.spark.util.ActorLogReceive$$anon$1.applyOrElse(ActorLogReceive.scala:42)
	at akka.actor.Actor$class.aroundReceive(Actor.scala:467)
	at org.apache.spark.sql.auto.cache.QGMaster.aroundReceive(QGMaster.scala:39)
	at akka.actor.ActorCell.receiveMessage(ActorCell.scala:516)
	at akka.actor.ActorCell.invoke(ActorCell.scala:487)
	at akka.dispatch.Mailbox.processMailbox(Mailbox.scala:238)
	at akka.dispatch.Mailbox.run(Mailbox.scala:220)
	at akka.dispatch.ForkJoinExecutorConfigurator$AkkaForkJoinTask.exec(AbstractDispatcher.scala:397)
	at scala.concurrent.forkjoin.ForkJoinTask.doExec(ForkJoinTask.java:260)
	at scala.concurrent.forkjoin.ForkJoinPool$WorkQueue.runTask(ForkJoinPool.java:1339)
	at scala.concurrent.forkjoin.ForkJoinPool.runWorker(ForkJoinPool.java:1979)
	at scala.concurrent.forkjoin.ForkJoinWorkerThread.run(ForkJoinWorkerThread.java:107)
15/12/23 17:57:46 ERROR OneForOneStrategy: org.apache.spark.rdd.RDD; local class incompatible: stream classdesc serialVersionUID = -746514914560307577, local class serialVersionUID = -9031364808200538789
java.io.InvalidClassException: org.apache.spark.rdd.RDD; local class incompatible: stream classdesc serialVersionUID = -746514914560307577, local class serialVersionUID = -9031364808200538789
	at java.io.ObjectStreamClass.initNonProxy(ObjectStreamClass.java:617)
	at java.io.ObjectInputStream.readNonProxyDesc(ObjectInputStream.java:1622)
	at java.io.ObjectInputStream.readClassDesc(ObjectInputStream.java:1517)
	at java.io.ObjectInputStream.readNonProxyDesc(ObjectInputStream.java:1622)
	at java.io.ObjectInputStream.readClassDesc(ObjectInputStream.java:1517)
	at java.io.ObjectInputStream.readOrdinaryObject(ObjectInputStream.java:1771)
	at java.io.ObjectInputStream.readObject0(ObjectInputStream.java:1350)
	at java.io.ObjectInputStream.defaultReadFields(ObjectInputStream.java:1990)
	at java.io.ObjectInputStream.readSerialData(ObjectInputStream.java:1915)
	at java.io.ObjectInputStream.readOrdinaryObject(ObjectInputStream.java:1798)
	at java.io.ObjectInputStream.readObject0(ObjectInputStream.java:1350)
	at java.io.ObjectInputStream.defaultReadFields(ObjectInputStream.java:1990)
	at java.io.ObjectInputStream.readSerialData(ObjectInputStream.java:1915)
	at java.io.ObjectInputStream.readOrdinaryObject(ObjectInputStream.java:1798)
	at java.io.ObjectInputStream.readObject0(ObjectInputStream.java:1350)
	at java.io.ObjectInputStream.defaultReadFields(ObjectInputStream.java:1990)
	at java.io.ObjectInputStream.readSerialData(ObjectInputStream.java:1915)
	at java.io.ObjectInputStream.readOrdinaryObject(ObjectInputStream.java:1798)
	at java.io.ObjectInputStream.readObject0(ObjectInputStream.java:1350)
	at java.io.ObjectInputStream.defaultReadFields(ObjectInputStream.java:1990)
	at java.io.ObjectInputStream.readSerialData(ObjectInputStream.java:1915)
	at java.io.ObjectInputStream.readOrdinaryObject(ObjectInputStream.java:1798)
	at java.io.ObjectInputStream.readObject0(ObjectInputStream.java:1350)
	at java.io.ObjectInputStream.defaultReadFields(ObjectInputStream.java:1990)
	at java.io.ObjectInputStream.readSerialData(ObjectInputStream.java:1915)
	at java.io.ObjectInputStream.readOrdinaryObject(ObjectInputStream.java:1798)
	at java.io.ObjectInputStream.readObject0(ObjectInputStream.java:1350)
	at java.io.ObjectInputStream.defaultReadFields(ObjectInputStream.java:1990)
	at java.io.ObjectInputStream.readSerialData(ObjectInputStream.java:1915)
	at java.io.ObjectInputStream.readOrdinaryObject(ObjectInputStream.java:1798)
	at java.io.ObjectInputStream.readObject0(ObjectInputStream.java:1350)
	at java.io.ObjectInputStream.defaultReadFields(ObjectInputStream.java:1990)
	at java.io.ObjectInputStream.readSerialData(ObjectInputStream.java:1915)
	at java.io.ObjectInputStream.readOrdinaryObject(ObjectInputStream.java:1798)
	at java.io.ObjectInputStream.readObject0(ObjectInputStream.java:1350)
	at java.io.ObjectInputStream.defaultReadFields(ObjectInputStream.java:1990)
	at java.io.ObjectInputStream.readSerialData(ObjectInputStream.java:1915)
	at java.io.ObjectInputStream.readOrdinaryObject(ObjectInputStream.java:1798)
	at java.io.ObjectInputStream.readObject0(ObjectInputStream.java:1350)
	at java.io.ObjectInputStream.defaultReadFields(ObjectInputStream.java:1990)
	at java.io.ObjectInputStream.readSerialData(ObjectInputStream.java:1915)
	at java.io.ObjectInputStream.readOrdinaryObject(ObjectInputStream.java:1798)
	at java.io.ObjectInputStream.readObject0(ObjectInputStream.java:1350)
	at java.io.ObjectInputStream.defaultReadFields(ObjectInputStream.java:1990)
	at java.io.ObjectInputStream.readSerialData(ObjectInputStream.java:1915)
	at java.io.ObjectInputStream.readOrdinaryObject(ObjectInputStream.java:1798)
	at java.io.ObjectInputStream.readObject0(ObjectInputStream.java:1350)
	at java.io.ObjectInputStream.readObject(ObjectInputStream.java:370)
	at org.apache.spark.serializer.JavaDeserializationStream.readObject(JavaSerializer.scala:72)
	at org.apache.spark.serializer.JavaSerializerInstance.deserialize(JavaSerializer.scala:98)
	at org.apache.spark.sql.auto.cache.QGMaster$$anonfun$receiveWithLogging$1.applyOrElse(QGMaster.scala:85)
	at scala.runtime.AbstractPartialFunction$mcVL$sp.apply$mcVL$sp(AbstractPartialFunction.scala:33)
	at scala.runtime.AbstractPartialFunction$mcVL$sp.apply(AbstractPartialFunction.scala:33)
	at scala.runtime.AbstractPartialFunction$mcVL$sp.apply(AbstractPartialFunction.scala:25)
	at org.apache.spark.util.ActorLogReceive$$anon$1.apply(ActorLogReceive.scala:59)
	at org.apache.spark.util.ActorLogReceive$$anon$1.apply(ActorLogReceive.scala:42)
	at scala.PartialFunction$class.applyOrElse(PartialFunction.scala:118)
	at org.apache.spark.util.ActorLogReceive$$anon$1.applyOrElse(ActorLogReceive.scala:42)
	at akka.actor.Actor$class.aroundReceive(Actor.scala:467)
	at org.apache.spark.sql.auto.cache.QGMaster.aroundReceive(QGMaster.scala:39)
	at akka.actor.ActorCell.receiveMessage(ActorCell.scala:516)
	at akka.actor.ActorCell.invoke(ActorCell.scala:487)
	at akka.dispatch.Mailbox.processMailbox(Mailbox.scala:238)
	at akka.dispatch.Mailbox.run(Mailbox.scala:220)
	at akka.dispatch.ForkJoinExecutorConfigurator$AkkaForkJoinTask.exec(AbstractDispatcher.scala:397)
	at scala.concurrent.forkjoin.ForkJoinTask.doExec(ForkJoinTask.java:260)
	at scala.concurrent.forkjoin.ForkJoinPool$WorkQueue.runTask(ForkJoinPool.java:1339)
	at scala.concurrent.forkjoin.ForkJoinPool.runWorker(ForkJoinPool.java:1979)
	at scala.concurrent.forkjoin.ForkJoinWorkerThread.run(ForkJoinWorkerThread.java:107)
15/12/23 17:57:46 INFO SecurityManager: Changing view acls to: zengdan
15/12/23 17:57:46 INFO SecurityManager: Changing modify acls to: zengdan
15/12/23 17:57:46 INFO SecurityManager: SecurityManager: authentication disabled; ui acls disabled; users with view permissions: Set(zengdan); users with modify permissions: Set(zengdan)
15/12/23 17:57:46 INFO QGMaster: Starting Spark QGmaster at spark://localhost:7070
15/12/23 17:57:46 INFO TachyonBlockManager: Remove global dir of tachyon storage
15/12/23 17:57:46 INFO : Tachyon client (version 0.7.1) is trying to connect with master @ localhost/127.0.0.1:19998
15/12/23 17:57:46 INFO : User registered with the master @ localhost/127.0.0.1:19998; got UserId 165
15/12/23 17:58:49 INFO QGMaster: MatchPlan in QGMaster
15/12/23 17:58:49 ERROR QGMaster: QGMaster actor restarted due to exception
java.io.InvalidClassException: org.apache.spark.rdd.RDD; local class incompatible: stream classdesc serialVersionUID = -746514914560307577, local class serialVersionUID = -9031364808200538789
	at java.io.ObjectStreamClass.initNonProxy(ObjectStreamClass.java:617)
	at java.io.ObjectInputStream.readNonProxyDesc(ObjectInputStream.java:1622)
	at java.io.ObjectInputStream.readClassDesc(ObjectInputStream.java:1517)
	at java.io.ObjectInputStream.readNonProxyDesc(ObjectInputStream.java:1622)
	at java.io.ObjectInputStream.readClassDesc(ObjectInputStream.java:1517)
	at java.io.ObjectInputStream.readOrdinaryObject(ObjectInputStream.java:1771)
	at java.io.ObjectInputStream.readObject0(ObjectInputStream.java:1350)
	at java.io.ObjectInputStream.defaultReadFields(ObjectInputStream.java:1990)
	at java.io.ObjectInputStream.readSerialData(ObjectInputStream.java:1915)
	at java.io.ObjectInputStream.readOrdinaryObject(ObjectInputStream.java:1798)
	at java.io.ObjectInputStream.readObject0(ObjectInputStream.java:1350)
	at java.io.ObjectInputStream.defaultReadFields(ObjectInputStream.java:1990)
	at java.io.ObjectInputStream.readSerialData(ObjectInputStream.java:1915)
	at java.io.ObjectInputStream.readOrdinaryObject(ObjectInputStream.java:1798)
	at java.io.ObjectInputStream.readObject0(ObjectInputStream.java:1350)
	at java.io.ObjectInputStream.defaultReadFields(ObjectInputStream.java:1990)
	at java.io.ObjectInputStream.readSerialData(ObjectInputStream.java:1915)
	at java.io.ObjectInputStream.readOrdinaryObject(ObjectInputStream.java:1798)
	at java.io.ObjectInputStream.readObject0(ObjectInputStream.java:1350)
	at java.io.ObjectInputStream.defaultReadFields(ObjectInputStream.java:1990)
	at java.io.ObjectInputStream.readSerialData(ObjectInputStream.java:1915)
	at java.io.ObjectInputStream.readOrdinaryObject(ObjectInputStream.java:1798)
	at java.io.ObjectInputStream.readObject0(ObjectInputStream.java:1350)
	at java.io.ObjectInputStream.defaultReadFields(ObjectInputStream.java:1990)
	at java.io.ObjectInputStream.readSerialData(ObjectInputStream.java:1915)
	at java.io.ObjectInputStream.readOrdinaryObject(ObjectInputStream.java:1798)
	at java.io.ObjectInputStream.readObject0(ObjectInputStream.java:1350)
	at java.io.ObjectInputStream.defaultReadFields(ObjectInputStream.java:1990)
	at java.io.ObjectInputStream.readSerialData(ObjectInputStream.java:1915)
	at java.io.ObjectInputStream.readOrdinaryObject(ObjectInputStream.java:1798)
	at java.io.ObjectInputStream.readObject0(ObjectInputStream.java:1350)
	at java.io.ObjectInputStream.defaultReadFields(ObjectInputStream.java:1990)
	at java.io.ObjectInputStream.readSerialData(ObjectInputStream.java:1915)
	at java.io.ObjectInputStream.readOrdinaryObject(ObjectInputStream.java:1798)
	at java.io.ObjectInputStream.readObject0(ObjectInputStream.java:1350)
	at java.io.ObjectInputStream.defaultReadFields(ObjectInputStream.java:1990)
	at java.io.ObjectInputStream.readSerialData(ObjectInputStream.java:1915)
	at java.io.ObjectInputStream.readOrdinaryObject(ObjectInputStream.java:1798)
	at java.io.ObjectInputStream.readObject0(ObjectInputStream.java:1350)
	at java.io.ObjectInputStream.defaultReadFields(ObjectInputStream.java:1990)
	at java.io.ObjectInputStream.readSerialData(ObjectInputStream.java:1915)
	at java.io.ObjectInputStream.readOrdinaryObject(ObjectInputStream.java:1798)
	at java.io.ObjectInputStream.readObject0(ObjectInputStream.java:1350)
	at java.io.ObjectInputStream.defaultReadFields(ObjectInputStream.java:1990)
	at java.io.ObjectInputStream.readSerialData(ObjectInputStream.java:1915)
	at java.io.ObjectInputStream.readOrdinaryObject(ObjectInputStream.java:1798)
	at java.io.ObjectInputStream.readObject0(ObjectInputStream.java:1350)
	at java.io.ObjectInputStream.readObject(ObjectInputStream.java:370)
	at org.apache.spark.serializer.JavaDeserializationStream.readObject(JavaSerializer.scala:72)
	at org.apache.spark.serializer.JavaSerializerInstance.deserialize(JavaSerializer.scala:98)
	at org.apache.spark.sql.auto.cache.QGMaster$$anonfun$receiveWithLogging$1.applyOrElse(QGMaster.scala:85)
	at scala.runtime.AbstractPartialFunction$mcVL$sp.apply$mcVL$sp(AbstractPartialFunction.scala:33)
	at scala.runtime.AbstractPartialFunction$mcVL$sp.apply(AbstractPartialFunction.scala:33)
	at scala.runtime.AbstractPartialFunction$mcVL$sp.apply(AbstractPartialFunction.scala:25)
	at org.apache.spark.util.ActorLogReceive$$anon$1.apply(ActorLogReceive.scala:59)
	at org.apache.spark.util.ActorLogReceive$$anon$1.apply(ActorLogReceive.scala:42)
	at scala.PartialFunction$class.applyOrElse(PartialFunction.scala:118)
	at org.apache.spark.util.ActorLogReceive$$anon$1.applyOrElse(ActorLogReceive.scala:42)
	at akka.actor.Actor$class.aroundReceive(Actor.scala:467)
	at org.apache.spark.sql.auto.cache.QGMaster.aroundReceive(QGMaster.scala:39)
	at akka.actor.ActorCell.receiveMessage(ActorCell.scala:516)
	at akka.actor.ActorCell.invoke(ActorCell.scala:487)
	at akka.dispatch.Mailbox.processMailbox(Mailbox.scala:238)
	at akka.dispatch.Mailbox.run(Mailbox.scala:220)
	at akka.dispatch.ForkJoinExecutorConfigurator$AkkaForkJoinTask.exec(AbstractDispatcher.scala:397)
	at scala.concurrent.forkjoin.ForkJoinTask.doExec(ForkJoinTask.java:260)
	at scala.concurrent.forkjoin.ForkJoinPool$WorkQueue.runTask(ForkJoinPool.java:1339)
	at scala.concurrent.forkjoin.ForkJoinPool.runWorker(ForkJoinPool.java:1979)
	at scala.concurrent.forkjoin.ForkJoinWorkerThread.run(ForkJoinWorkerThread.java:107)
15/12/23 17:58:49 ERROR OneForOneStrategy: org.apache.spark.rdd.RDD; local class incompatible: stream classdesc serialVersionUID = -746514914560307577, local class serialVersionUID = -9031364808200538789
java.io.InvalidClassException: org.apache.spark.rdd.RDD; local class incompatible: stream classdesc serialVersionUID = -746514914560307577, local class serialVersionUID = -9031364808200538789
	at java.io.ObjectStreamClass.initNonProxy(ObjectStreamClass.java:617)
	at java.io.ObjectInputStream.readNonProxyDesc(ObjectInputStream.java:1622)
	at java.io.ObjectInputStream.readClassDesc(ObjectInputStream.java:1517)
	at java.io.ObjectInputStream.readNonProxyDesc(ObjectInputStream.java:1622)
	at java.io.ObjectInputStream.readClassDesc(ObjectInputStream.java:1517)
	at java.io.ObjectInputStream.readOrdinaryObject(ObjectInputStream.java:1771)
	at java.io.ObjectInputStream.readObject0(ObjectInputStream.java:1350)
	at java.io.ObjectInputStream.defaultReadFields(ObjectInputStream.java:1990)
	at java.io.ObjectInputStream.readSerialData(ObjectInputStream.java:1915)
	at java.io.ObjectInputStream.readOrdinaryObject(ObjectInputStream.java:1798)
	at java.io.ObjectInputStream.readObject0(ObjectInputStream.java:1350)
	at java.io.ObjectInputStream.defaultReadFields(ObjectInputStream.java:1990)
	at java.io.ObjectInputStream.readSerialData(ObjectInputStream.java:1915)
	at java.io.ObjectInputStream.readOrdinaryObject(ObjectInputStream.java:1798)
	at java.io.ObjectInputStream.readObject0(ObjectInputStream.java:1350)
	at java.io.ObjectInputStream.defaultReadFields(ObjectInputStream.java:1990)
	at java.io.ObjectInputStream.readSerialData(ObjectInputStream.java:1915)
	at java.io.ObjectInputStream.readOrdinaryObject(ObjectInputStream.java:1798)
	at java.io.ObjectInputStream.readObject0(ObjectInputStream.java:1350)
	at java.io.ObjectInputStream.defaultReadFields(ObjectInputStream.java:1990)
	at java.io.ObjectInputStream.readSerialData(ObjectInputStream.java:1915)
	at java.io.ObjectInputStream.readOrdinaryObject(ObjectInputStream.java:1798)
	at java.io.ObjectInputStream.readObject0(ObjectInputStream.java:1350)
	at java.io.ObjectInputStream.defaultReadFields(ObjectInputStream.java:1990)
	at java.io.ObjectInputStream.readSerialData(ObjectInputStream.java:1915)
	at java.io.ObjectInputStream.readOrdinaryObject(ObjectInputStream.java:1798)
	at java.io.ObjectInputStream.readObject0(ObjectInputStream.java:1350)
	at java.io.ObjectInputStream.defaultReadFields(ObjectInputStream.java:1990)
	at java.io.ObjectInputStream.readSerialData(ObjectInputStream.java:1915)
	at java.io.ObjectInputStream.readOrdinaryObject(ObjectInputStream.java:1798)
	at java.io.ObjectInputStream.readObject0(ObjectInputStream.java:1350)
	at java.io.ObjectInputStream.defaultReadFields(ObjectInputStream.java:1990)
	at java.io.ObjectInputStream.readSerialData(ObjectInputStream.java:1915)
	at java.io.ObjectInputStream.readOrdinaryObject(ObjectInputStream.java:1798)
	at java.io.ObjectInputStream.readObject0(ObjectInputStream.java:1350)
	at java.io.ObjectInputStream.defaultReadFields(ObjectInputStream.java:1990)
	at java.io.ObjectInputStream.readSerialData(ObjectInputStream.java:1915)
	at java.io.ObjectInputStream.readOrdinaryObject(ObjectInputStream.java:1798)
	at java.io.ObjectInputStream.readObject0(ObjectInputStream.java:1350)
	at java.io.ObjectInputStream.defaultReadFields(ObjectInputStream.java:1990)
	at java.io.ObjectInputStream.readSerialData(ObjectInputStream.java:1915)
	at java.io.ObjectInputStream.readOrdinaryObject(ObjectInputStream.java:1798)
	at java.io.ObjectInputStream.readObject0(ObjectInputStream.java:1350)
	at java.io.ObjectInputStream.defaultReadFields(ObjectInputStream.java:1990)
	at java.io.ObjectInputStream.readSerialData(ObjectInputStream.java:1915)
	at java.io.ObjectInputStream.readOrdinaryObject(ObjectInputStream.java:1798)
	at java.io.ObjectInputStream.readObject0(ObjectInputStream.java:1350)
	at java.io.ObjectInputStream.readObject(ObjectInputStream.java:370)
	at org.apache.spark.serializer.JavaDeserializationStream.readObject(JavaSerializer.scala:72)
	at org.apache.spark.serializer.JavaSerializerInstance.deserialize(JavaSerializer.scala:98)
	at org.apache.spark.sql.auto.cache.QGMaster$$anonfun$receiveWithLogging$1.applyOrElse(QGMaster.scala:85)
	at scala.runtime.AbstractPartialFunction$mcVL$sp.apply$mcVL$sp(AbstractPartialFunction.scala:33)
	at scala.runtime.AbstractPartialFunction$mcVL$sp.apply(AbstractPartialFunction.scala:33)
	at scala.runtime.AbstractPartialFunction$mcVL$sp.apply(AbstractPartialFunction.scala:25)
	at org.apache.spark.util.ActorLogReceive$$anon$1.apply(ActorLogReceive.scala:59)
	at org.apache.spark.util.ActorLogReceive$$anon$1.apply(ActorLogReceive.scala:42)
	at scala.PartialFunction$class.applyOrElse(PartialFunction.scala:118)
	at org.apache.spark.util.ActorLogReceive$$anon$1.applyOrElse(ActorLogReceive.scala:42)
	at akka.actor.Actor$class.aroundReceive(Actor.scala:467)
	at org.apache.spark.sql.auto.cache.QGMaster.aroundReceive(QGMaster.scala:39)
	at akka.actor.ActorCell.receiveMessage(ActorCell.scala:516)
	at akka.actor.ActorCell.invoke(ActorCell.scala:487)
	at akka.dispatch.Mailbox.processMailbox(Mailbox.scala:238)
	at akka.dispatch.Mailbox.run(Mailbox.scala:220)
	at akka.dispatch.ForkJoinExecutorConfigurator$AkkaForkJoinTask.exec(AbstractDispatcher.scala:397)
	at scala.concurrent.forkjoin.ForkJoinTask.doExec(ForkJoinTask.java:260)
	at scala.concurrent.forkjoin.ForkJoinPool$WorkQueue.runTask(ForkJoinPool.java:1339)
	at scala.concurrent.forkjoin.ForkJoinPool.runWorker(ForkJoinPool.java:1979)
	at scala.concurrent.forkjoin.ForkJoinWorkerThread.run(ForkJoinWorkerThread.java:107)
15/12/23 17:58:49 INFO SecurityManager: Changing view acls to: zengdan
15/12/23 17:58:49 INFO SecurityManager: Changing modify acls to: zengdan
15/12/23 17:58:49 INFO SecurityManager: SecurityManager: authentication disabled; ui acls disabled; users with view permissions: Set(zengdan); users with modify permissions: Set(zengdan)
15/12/23 17:58:49 INFO QGMaster: Starting Spark QGmaster at spark://localhost:7070
15/12/23 17:58:49 INFO TachyonBlockManager: Remove global dir of tachyon storage
15/12/23 17:58:49 INFO : Tachyon client (version 0.7.1) is trying to connect with master @ localhost/127.0.0.1:19998
15/12/23 17:58:49 INFO : User registered with the master @ localhost/127.0.0.1:19998; got UserId 166
15/12/23 17:59:49 INFO QGMaster: MatchPlan in QGMaster
15/12/23 17:59:49 ERROR QGMaster: QGMaster actor restarted due to exception
java.io.InvalidClassException: org.apache.spark.rdd.RDD; local class incompatible: stream classdesc serialVersionUID = -746514914560307577, local class serialVersionUID = -9031364808200538789
	at java.io.ObjectStreamClass.initNonProxy(ObjectStreamClass.java:617)
	at java.io.ObjectInputStream.readNonProxyDesc(ObjectInputStream.java:1622)
	at java.io.ObjectInputStream.readClassDesc(ObjectInputStream.java:1517)
	at java.io.ObjectInputStream.readNonProxyDesc(ObjectInputStream.java:1622)
	at java.io.ObjectInputStream.readClassDesc(ObjectInputStream.java:1517)
	at java.io.ObjectInputStream.readOrdinaryObject(ObjectInputStream.java:1771)
	at java.io.ObjectInputStream.readObject0(ObjectInputStream.java:1350)
	at java.io.ObjectInputStream.defaultReadFields(ObjectInputStream.java:1990)
	at java.io.ObjectInputStream.readSerialData(ObjectInputStream.java:1915)
	at java.io.ObjectInputStream.readOrdinaryObject(ObjectInputStream.java:1798)
	at java.io.ObjectInputStream.readObject0(ObjectInputStream.java:1350)
	at java.io.ObjectInputStream.defaultReadFields(ObjectInputStream.java:1990)
	at java.io.ObjectInputStream.readSerialData(ObjectInputStream.java:1915)
	at java.io.ObjectInputStream.readOrdinaryObject(ObjectInputStream.java:1798)
	at java.io.ObjectInputStream.readObject0(ObjectInputStream.java:1350)
	at java.io.ObjectInputStream.defaultReadFields(ObjectInputStream.java:1990)
	at java.io.ObjectInputStream.readSerialData(ObjectInputStream.java:1915)
	at java.io.ObjectInputStream.readOrdinaryObject(ObjectInputStream.java:1798)
	at java.io.ObjectInputStream.readObject0(ObjectInputStream.java:1350)
	at java.io.ObjectInputStream.defaultReadFields(ObjectInputStream.java:1990)
	at java.io.ObjectInputStream.readSerialData(ObjectInputStream.java:1915)
	at java.io.ObjectInputStream.readOrdinaryObject(ObjectInputStream.java:1798)
	at java.io.ObjectInputStream.readObject0(ObjectInputStream.java:1350)
	at java.io.ObjectInputStream.defaultReadFields(ObjectInputStream.java:1990)
	at java.io.ObjectInputStream.readSerialData(ObjectInputStream.java:1915)
	at java.io.ObjectInputStream.readOrdinaryObject(ObjectInputStream.java:1798)
	at java.io.ObjectInputStream.readObject0(ObjectInputStream.java:1350)
	at java.io.ObjectInputStream.defaultReadFields(ObjectInputStream.java:1990)
	at java.io.ObjectInputStream.readSerialData(ObjectInputStream.java:1915)
	at java.io.ObjectInputStream.readOrdinaryObject(ObjectInputStream.java:1798)
	at java.io.ObjectInputStream.readObject0(ObjectInputStream.java:1350)
	at java.io.ObjectInputStream.defaultReadFields(ObjectInputStream.java:1990)
	at java.io.ObjectInputStream.readSerialData(ObjectInputStream.java:1915)
	at java.io.ObjectInputStream.readOrdinaryObject(ObjectInputStream.java:1798)
	at java.io.ObjectInputStream.readObject0(ObjectInputStream.java:1350)
	at java.io.ObjectInputStream.defaultReadFields(ObjectInputStream.java:1990)
	at java.io.ObjectInputStream.readSerialData(ObjectInputStream.java:1915)
	at java.io.ObjectInputStream.readOrdinaryObject(ObjectInputStream.java:1798)
	at java.io.ObjectInputStream.readObject0(ObjectInputStream.java:1350)
	at java.io.ObjectInputStream.defaultReadFields(ObjectInputStream.java:1990)
	at java.io.ObjectInputStream.readSerialData(ObjectInputStream.java:1915)
	at java.io.ObjectInputStream.readOrdinaryObject(ObjectInputStream.java:1798)
	at java.io.ObjectInputStream.readObject0(ObjectInputStream.java:1350)
	at java.io.ObjectInputStream.defaultReadFields(ObjectInputStream.java:1990)
	at java.io.ObjectInputStream.readSerialData(ObjectInputStream.java:1915)
	at java.io.ObjectInputStream.readOrdinaryObject(ObjectInputStream.java:1798)
	at java.io.ObjectInputStream.readObject0(ObjectInputStream.java:1350)
	at java.io.ObjectInputStream.readObject(ObjectInputStream.java:370)
	at org.apache.spark.serializer.JavaDeserializationStream.readObject(JavaSerializer.scala:72)
	at org.apache.spark.serializer.JavaSerializerInstance.deserialize(JavaSerializer.scala:98)
	at org.apache.spark.sql.auto.cache.QGMaster$$anonfun$receiveWithLogging$1.applyOrElse(QGMaster.scala:85)
	at scala.runtime.AbstractPartialFunction$mcVL$sp.apply$mcVL$sp(AbstractPartialFunction.scala:33)
	at scala.runtime.AbstractPartialFunction$mcVL$sp.apply(AbstractPartialFunction.scala:33)
	at scala.runtime.AbstractPartialFunction$mcVL$sp.apply(AbstractPartialFunction.scala:25)
	at org.apache.spark.util.ActorLogReceive$$anon$1.apply(ActorLogReceive.scala:59)
	at org.apache.spark.util.ActorLogReceive$$anon$1.apply(ActorLogReceive.scala:42)
	at scala.PartialFunction$class.applyOrElse(PartialFunction.scala:118)
	at org.apache.spark.util.ActorLogReceive$$anon$1.applyOrElse(ActorLogReceive.scala:42)
	at akka.actor.Actor$class.aroundReceive(Actor.scala:467)
	at org.apache.spark.sql.auto.cache.QGMaster.aroundReceive(QGMaster.scala:39)
	at akka.actor.ActorCell.receiveMessage(ActorCell.scala:516)
	at akka.actor.ActorCell.invoke(ActorCell.scala:487)
	at akka.dispatch.Mailbox.processMailbox(Mailbox.scala:238)
	at akka.dispatch.Mailbox.run(Mailbox.scala:220)
	at akka.dispatch.ForkJoinExecutorConfigurator$AkkaForkJoinTask.exec(AbstractDispatcher.scala:397)
	at scala.concurrent.forkjoin.ForkJoinTask.doExec(ForkJoinTask.java:260)
	at scala.concurrent.forkjoin.ForkJoinPool$WorkQueue.runTask(ForkJoinPool.java:1339)
	at scala.concurrent.forkjoin.ForkJoinPool.runWorker(ForkJoinPool.java:1979)
	at scala.concurrent.forkjoin.ForkJoinWorkerThread.run(ForkJoinWorkerThread.java:107)
15/12/23 17:59:49 ERROR OneForOneStrategy: org.apache.spark.rdd.RDD; local class incompatible: stream classdesc serialVersionUID = -746514914560307577, local class serialVersionUID = -9031364808200538789
java.io.InvalidClassException: org.apache.spark.rdd.RDD; local class incompatible: stream classdesc serialVersionUID = -746514914560307577, local class serialVersionUID = -9031364808200538789
	at java.io.ObjectStreamClass.initNonProxy(ObjectStreamClass.java:617)
	at java.io.ObjectInputStream.readNonProxyDesc(ObjectInputStream.java:1622)
	at java.io.ObjectInputStream.readClassDesc(ObjectInputStream.java:1517)
	at java.io.ObjectInputStream.readNonProxyDesc(ObjectInputStream.java:1622)
	at java.io.ObjectInputStream.readClassDesc(ObjectInputStream.java:1517)
	at java.io.ObjectInputStream.readOrdinaryObject(ObjectInputStream.java:1771)
	at java.io.ObjectInputStream.readObject0(ObjectInputStream.java:1350)
	at java.io.ObjectInputStream.defaultReadFields(ObjectInputStream.java:1990)
	at java.io.ObjectInputStream.readSerialData(ObjectInputStream.java:1915)
	at java.io.ObjectInputStream.readOrdinaryObject(ObjectInputStream.java:1798)
	at java.io.ObjectInputStream.readObject0(ObjectInputStream.java:1350)
	at java.io.ObjectInputStream.defaultReadFields(ObjectInputStream.java:1990)
	at java.io.ObjectInputStream.readSerialData(ObjectInputStream.java:1915)
	at java.io.ObjectInputStream.readOrdinaryObject(ObjectInputStream.java:1798)
	at java.io.ObjectInputStream.readObject0(ObjectInputStream.java:1350)
	at java.io.ObjectInputStream.defaultReadFields(ObjectInputStream.java:1990)
	at java.io.ObjectInputStream.readSerialData(ObjectInputStream.java:1915)
	at java.io.ObjectInputStream.readOrdinaryObject(ObjectInputStream.java:1798)
	at java.io.ObjectInputStream.readObject0(ObjectInputStream.java:1350)
	at java.io.ObjectInputStream.defaultReadFields(ObjectInputStream.java:1990)
	at java.io.ObjectInputStream.readSerialData(ObjectInputStream.java:1915)
	at java.io.ObjectInputStream.readOrdinaryObject(ObjectInputStream.java:1798)
	at java.io.ObjectInputStream.readObject0(ObjectInputStream.java:1350)
	at java.io.ObjectInputStream.defaultReadFields(ObjectInputStream.java:1990)
	at java.io.ObjectInputStream.readSerialData(ObjectInputStream.java:1915)
	at java.io.ObjectInputStream.readOrdinaryObject(ObjectInputStream.java:1798)
	at java.io.ObjectInputStream.readObject0(ObjectInputStream.java:1350)
	at java.io.ObjectInputStream.defaultReadFields(ObjectInputStream.java:1990)
	at java.io.ObjectInputStream.readSerialData(ObjectInputStream.java:1915)
	at java.io.ObjectInputStream.readOrdinaryObject(ObjectInputStream.java:1798)
	at java.io.ObjectInputStream.readObject0(ObjectInputStream.java:1350)
	at java.io.ObjectInputStream.defaultReadFields(ObjectInputStream.java:1990)
	at java.io.ObjectInputStream.readSerialData(ObjectInputStream.java:1915)
	at java.io.ObjectInputStream.readOrdinaryObject(ObjectInputStream.java:1798)
	at java.io.ObjectInputStream.readObject0(ObjectInputStream.java:1350)
	at java.io.ObjectInputStream.defaultReadFields(ObjectInputStream.java:1990)
	at java.io.ObjectInputStream.readSerialData(ObjectInputStream.java:1915)
	at java.io.ObjectInputStream.readOrdinaryObject(ObjectInputStream.java:1798)
	at java.io.ObjectInputStream.readObject0(ObjectInputStream.java:1350)
	at java.io.ObjectInputStream.defaultReadFields(ObjectInputStream.java:1990)
	at java.io.ObjectInputStream.readSerialData(ObjectInputStream.java:1915)
	at java.io.ObjectInputStream.readOrdinaryObject(ObjectInputStream.java:1798)
	at java.io.ObjectInputStream.readObject0(ObjectInputStream.java:1350)
	at java.io.ObjectInputStream.defaultReadFields(ObjectInputStream.java:1990)
	at java.io.ObjectInputStream.readSerialData(ObjectInputStream.java:1915)
	at java.io.ObjectInputStream.readOrdinaryObject(ObjectInputStream.java:1798)
	at java.io.ObjectInputStream.readObject0(ObjectInputStream.java:1350)
	at java.io.ObjectInputStream.readObject(ObjectInputStream.java:370)
	at org.apache.spark.serializer.JavaDeserializationStream.readObject(JavaSerializer.scala:72)
	at org.apache.spark.serializer.JavaSerializerInstance.deserialize(JavaSerializer.scala:98)
	at org.apache.spark.sql.auto.cache.QGMaster$$anonfun$receiveWithLogging$1.applyOrElse(QGMaster.scala:85)
	at scala.runtime.AbstractPartialFunction$mcVL$sp.apply$mcVL$sp(AbstractPartialFunction.scala:33)
	at scala.runtime.AbstractPartialFunction$mcVL$sp.apply(AbstractPartialFunction.scala:33)
	at scala.runtime.AbstractPartialFunction$mcVL$sp.apply(AbstractPartialFunction.scala:25)
	at org.apache.spark.util.ActorLogReceive$$anon$1.apply(ActorLogReceive.scala:59)
	at org.apache.spark.util.ActorLogReceive$$anon$1.apply(ActorLogReceive.scala:42)
	at scala.PartialFunction$class.applyOrElse(PartialFunction.scala:118)
	at org.apache.spark.util.ActorLogReceive$$anon$1.applyOrElse(ActorLogReceive.scala:42)
	at akka.actor.Actor$class.aroundReceive(Actor.scala:467)
	at org.apache.spark.sql.auto.cache.QGMaster.aroundReceive(QGMaster.scala:39)
	at akka.actor.ActorCell.receiveMessage(ActorCell.scala:516)
	at akka.actor.ActorCell.invoke(ActorCell.scala:487)
	at akka.dispatch.Mailbox.processMailbox(Mailbox.scala:238)
	at akka.dispatch.Mailbox.run(Mailbox.scala:220)
	at akka.dispatch.ForkJoinExecutorConfigurator$AkkaForkJoinTask.exec(AbstractDispatcher.scala:397)
	at scala.concurrent.forkjoin.ForkJoinTask.doExec(ForkJoinTask.java:260)
	at scala.concurrent.forkjoin.ForkJoinPool$WorkQueue.runTask(ForkJoinPool.java:1339)
	at scala.concurrent.forkjoin.ForkJoinPool.runWorker(ForkJoinPool.java:1979)
	at scala.concurrent.forkjoin.ForkJoinWorkerThread.run(ForkJoinWorkerThread.java:107)
15/12/23 17:59:49 INFO SecurityManager: Changing view acls to: zengdan
15/12/23 17:59:49 INFO SecurityManager: Changing modify acls to: zengdan
15/12/23 17:59:49 INFO SecurityManager: SecurityManager: authentication disabled; ui acls disabled; users with view permissions: Set(zengdan); users with modify permissions: Set(zengdan)
15/12/23 17:59:49 INFO QGMaster: Starting Spark QGmaster at spark://localhost:7070
15/12/23 17:59:49 INFO TachyonBlockManager: Remove global dir of tachyon storage
15/12/23 17:59:49 INFO : Tachyon client (version 0.7.1) is trying to connect with master @ localhost/127.0.0.1:19998
15/12/23 17:59:49 INFO : User registered with the master @ localhost/127.0.0.1:19998; got UserId 167
15/12/23 18:00:29 ERROR QGMaster: RECEIVED SIGNAL 15: SIGTERM
